[templates.envytheme.com/orgo/default/index.html]
[templates.envytheme.com/orgo/default/assets/css/bootstrap.min.css]
[templates.envytheme.com/orgo/default/assets/css/animate.min.css]
[templates.envytheme.com/orgo/default/assets/css/meanmenu.css]
[templates.envytheme.com/orgo/default/assets/css/boxicons.min.css]
[templates.envytheme.com/orgo/default/assets/css/flaticon.css]
[templates.envytheme.com/orgo/default/assets/css/nice-select.min.css]
[templates.envytheme.com/orgo/default/assets/css/owl.carousel.min.css]
[templates.envytheme.com/orgo/default/assets/css/owl.theme.default.min.css]
[templates.envytheme.com/orgo/default/assets/css/odometer.min.css]
[templates.envytheme.com/orgo/default/assets/css/magnific-popup.min.css]
[backblue.gif]
[fade.gif]
[index.html]
[templates.envytheme.com/orgo/default/assets/css/responsive.css]
[templates.envytheme.com/orgo/default/assets/css/style.css]
[templates.envytheme.com/orgo/default/assets/img/favicon.png]
[templates.envytheme.com/orgo/default/assets/img/logo.png]
[templates.envytheme.com/orgo/default/index-2.html]
[templates.envytheme.com/orgo/default/index-3.html]
[templates.envytheme.com/orgo/default/index-4.html]
[templates.envytheme.com/orgo/default/about.html]
[templates.envytheme.com/orgo/default/team.html]
[templates.envytheme.com/orgo/default/pricing.html]
[templates.envytheme.com/orgo/default/gallery.html]
[templates.envytheme.com/orgo/default/gallery-details.html]
[templates.envytheme.com/orgo/default/faq.html]
[templates.envytheme.com/orgo/default/login.html]
[templates.envytheme.com/orgo/default/register.html]
[templates.envytheme.com/orgo/default/error-404.html]
[templates.envytheme.com/orgo/default/terms-of-service.html]
[templates.envytheme.com/orgo/default/privacy-policy.html]
[templates.envytheme.com/orgo/default/services.html]
[templates.envytheme.com/orgo/default/services-details.html]
[templates.envytheme.com/orgo/default/shop-1.html]
[templates.envytheme.com/orgo/default/shop-2.html]
[templates.envytheme.com/orgo/default/cart.html]
[templates.envytheme.com/orgo/default/checkout.html]
[templates.envytheme.com/orgo/default/shop-details.html]
[templates.envytheme.com/orgo/default/blog-1.html]
[templates.envytheme.com/orgo/default/blog-2.html]
[templates.envytheme.com/orgo/default/blog-3.html]
[templates.envytheme.com/orgo/default/blog-details.html]
[templates.envytheme.com/orgo/default/contact.html]
[templates.envytheme.com/orgo/default/assets/img/instagram/instagram1.jpg]
[templates.envytheme.com/orgo/default/assets/img/instagram/instagram2.jpg]
[templates.envytheme.com/orgo/default/assets/img/instagram/instagram3.jpg]
[templates.envytheme.com/orgo/default/assets/img/instagram/instagram4.jpg]
[templates.envytheme.com/orgo/default/assets/img/instagram/instagram5.jpg]
[templates.envytheme.com/orgo/default/assets/img/instagram/instagram6.jpg]
[templates.envytheme.com/orgo/default/assets/img/instagram/instagram7.jpg]
[templates.envytheme.com/orgo/default/assets/img/instagram/instagram8.jpg]
[templates.envytheme.com/orgo/default/assets/img/top-products/top-products-1.jpg]
[templates.envytheme.com/orgo/default/assets/img/top-products/top-products-2.jpg]
[templates.envytheme.com/orgo/default/assets/img/top-products/top-products-3.jpg]
[templates.envytheme.com/orgo/default/assets/img/top-products/top-products-4.jpg]
[templates.envytheme.com/orgo/default/assets/img/top-products/top-products-5.jpg]
[templates.envytheme.com/orgo/default/assets/img/top-products/top-products-6.jpg]
[templates.envytheme.com/orgo/default/assets/img/top-products/top-products-7.jpg]
[templates.envytheme.com/orgo/default/assets/img/top-products/top-products-8.jpg]
[templates.envytheme.com/orgo/default/assets/img/detox-water/detox-water-main.png]
[templates.envytheme.com/orgo/default/assets/img/detox-water/detox-water-1.png]
[templates.envytheme.com/orgo/default/assets/img/detox-water/detox-water-2.png]
[templates.envytheme.com/orgo/default/assets/img/detox-water/detox-water-3.png]
[templates.envytheme.com/orgo/default/assets/img/detox-water/detox-water-4.png]
[templates.envytheme.com/orgo/default/assets/img/department/department-1.jpg]
[templates.envytheme.com/orgo/default/assets/img/department/department-2.jpg]
[templates.envytheme.com/orgo/default/assets/img/department/department-3.jpg]
[templates.envytheme.com/orgo/default/assets/img/department/department-4.jpg]
[templates.envytheme.com/orgo/default/assets/img/department/department-5.jpg]
[templates.envytheme.com/orgo/default/assets/img/department/department-6.jpg]
[templates.envytheme.com/orgo/default/assets/img/featured-products/featured-products-1.jpg]
[templates.envytheme.com/orgo/default/assets/img/featured-products/featured-products-2.jpg]
[templates.envytheme.com/orgo/default/assets/img/featured-products/featured-products-3.jpg]
[templates.envytheme.com/orgo/default/assets/img/featured-products/featured-products-4.jpg]
[templates.envytheme.com/orgo/default/assets/img/featured-products/featured-products-5.jpg]
[templates.envytheme.com/orgo/default/assets/img/featured-products/featured-products-6.jpg]
[templates.envytheme.com/orgo/default/assets/img/featured-products/featured-products-7.jpg]
[templates.envytheme.com/orgo/default/assets/img/featured-products/featured-products-8.jpg]
[templates.envytheme.com/orgo/default/assets/img/client/client-1.jpg]
[templates.envytheme.com/orgo/default/assets/img/client/client-2.jpg]
[templates.envytheme.com/orgo/default/assets/img/client/client-3.jpg]
[templates.envytheme.com/orgo/default/assets/img/blog/blog-1.jpg]
[templates.envytheme.com/orgo/default/assets/img/blog/blog-2.jpg]
[templates.envytheme.com/orgo/default/assets/img/blog/blog-3.jpg]
[templates.envytheme.com/orgo/default/assets/img/partner/partner-1.png]
[templates.envytheme.com/orgo/default/assets/img/partner/partner-2.png]
[templates.envytheme.com/orgo/default/assets/img/partner/partner-3.png]
[templates.envytheme.com/orgo/default/assets/img/partner/partner-4.png]
[templates.envytheme.com/orgo/default/assets/img/partner/partner-5.png]
[templates.envytheme.com/cdn-cgi/scripts/5c5dd728/cloudflare-static/email-decode.min.js]
[templates.envytheme.com/orgo/default/assets/js/jquery.min.js]
[templates.envytheme.com/orgo/default/assets/js/popper.min.js]
[templates.envytheme.com/orgo/default/assets/js/bootstrap.min.js]
[templates.envytheme.com/orgo/default/assets/js/jquery.meanmenu.js]
[templates.envytheme.com/orgo/default/assets/js/jquery.nice-select.min.js]
[templates.envytheme.com/orgo/default/assets/js/owl.carousel.min.js]
[templates.envytheme.com/orgo/default/assets/js/jquery.magnific-popup.min.js]
[templates.envytheme.com/orgo/default/assets/js/odometer.min.js]
[templates.envytheme.com/orgo/default/assets/js/jquery.appear.min.js]
[templates.envytheme.com/orgo/default/assets/js/jquery.ajaxchimp.min.js]
[templates.envytheme.com/orgo/default/assets/js/form-validator.min.js]
[templates.envytheme.com/orgo/default/assets/js/contact-form-script.js]
[templates.envytheme.com/orgo/default/assets/js/wow.min.js]
[templates.envytheme.com/orgo/default/index.html]
[templates.envytheme.com/orgo/default/assets/css/bootstrap.min.css]
[templates.envytheme.com/orgo/default/assets/css/animate.min.css]
[templates.envytheme.com/orgo/default/assets/css/meanmenu.css]
[templates.envytheme.com/orgo/default/assets/js/main.js]
[templates.envytheme.com/orgo/default/assets/fonts/boxicons.eot]
[templates.envytheme.com/orgo/default/assets/fonts/boxicons.woff2]
[templates.envytheme.com/orgo/default/assets/fonts/boxicons.woff]
[templates.envytheme.com/orgo/default/assets/fonts/boxicons.ttf]
[templates.envytheme.com/orgo/default/assets/css/boxicons.min.css]
[templates.envytheme.com/orgo/default/assets/fonts/boxiconsd41d.svg]
[templates.envytheme.com/orgo/default/assets/fonts/Flaticon.eot]
[templates.envytheme.com/orgo/default/assets/fonts/Flaticond41d.eot]
[templates.envytheme.com/orgo/default/assets/fonts/Flaticon.woff2]
[templates.envytheme.com/orgo/default/assets/fonts/Flaticon.woff]
[templates.envytheme.com/orgo/default/assets/fonts/Flaticon.ttf]
[templates.envytheme.com/orgo/default/assets/css/flaticon.css]
[templates.envytheme.com/orgo/default/assets/css/nice-select.min.css]
[templates.envytheme.com/orgo/default/assets/fonts/Flaticon.svg]
[templates.envytheme.com/orgo/default/assets/css/owl.video.play.png]
[templates.envytheme.com/orgo/default/assets/css/owl.carousel.min.css]
[templates.envytheme.com/orgo/default/assets/css/owl.theme.default.min.css]
[templates.envytheme.com/orgo/default/assets/css/odometer.min.css]
[templates.envytheme.com/orgo/default/assets/css/magnific-popup.min.css]
[templates.envytheme.com/orgo/default/assets/img/main-banner-bg-1.jpg]
[templates.envytheme.com/orgo/default/assets/img/main-banner-bg-2.jpg]
[templates.envytheme.com/orgo/default/assets/img/main-slider/slider-bg-1.jpg]
[templates.envytheme.com/orgo/default/assets/img/detox-water/detox-water-bg.jpg]
[templates.envytheme.com/orgo/default/assets/img/why-choose-bg.jpg]
[templates.envytheme.com/orgo/default/assets/img/why-choose-bg-2.jpg]
[templates.envytheme.com/orgo/default/assets/img/testimonial-bg.jpg]
[templates.envytheme.com/orgo/default/assets/img/overview-bg.jpg]
[templates.envytheme.com/orgo/default/assets/img/video-bg.jpg]
[templates.envytheme.com/orgo/default/assets/img/client-bg.jpg]
[templates.envytheme.com/orgo/default/assets/img/services-bg.jpg]
[templates.envytheme.com/orgo/default/assets/img/page-banner/page-banner-1.jpg]
[templates.envytheme.com/orgo/default/assets/img/page-banner/page-banner-2.jpg]
[templates.envytheme.com/orgo/default/assets/img/page-banner/page-banner-3.jpg]
[templates.envytheme.com/orgo/default/assets/img/page-banner/page-banner-4.jpg]
[templates.envytheme.com/orgo/default/assets/img/page-banner/page-banner-5.jpg]
[templates.envytheme.com/orgo/default/assets/img/blog/blog-7.jpg]
[templates.envytheme.com/orgo/default/assets/img/blog/blog-8.jpg]
[templates.envytheme.com/orgo/default/assets/img/blog/blog-9.jpg]
[templates.envytheme.com/orgo/default/assets/css/style.css]
[templates.envytheme.com/orgo/default/assets/css/responsive.css]
[templates.envytheme.com/orgo/default/assets/img/banner-woman.png]
[templates.envytheme.com/orgo/default/assets/img/banner-shape/banner-shape-1.png]
[templates.envytheme.com/orgo/default/assets/img/food/food-1.jpg]
[templates.envytheme.com/orgo/default/assets/img/food/food-2.jpg]
[templates.envytheme.com/orgo/default/assets/img/food/food-3.jpg]
[templates.envytheme.com/orgo/default/assets/img/deal/deal-1.png]
[templates.envytheme.com/orgo/default/assets/img/deal/deal-shape-1.png]
[templates.envytheme.com/orgo/default/assets/img/deal/deal-shape-2.png]
[templates.envytheme.com/orgo/default/assets/img/deal/deal-shape-3.png]
[templates.envytheme.com/orgo/default/assets/img/deal/deal-shape-4.png]
[templates.envytheme.com/orgo/default/assets/img/gallery/gallery-1.jpg]
[templates.envytheme.com/orgo/default/assets/img/gallery/gallery-2.jpg]
[templates.envytheme.com/orgo/default/assets/img/gallery/gallery-3.jpg]
[templates.envytheme.com/orgo/default/assets/img/gallery/gallery-4.jpg]
[templates.envytheme.com/orgo/default/assets/img/gallery/gallery-5.jpg]
[templates.envytheme.com/orgo/default/assets/img/others-food/others-food-1.png]
[templates.envytheme.com/orgo/default/assets/img/others-food/others-food-2.png]
[templates.envytheme.com/orgo/default/assets/img/others-food/others-food-3.png]
[templates.envytheme.com/orgo/default/index-2.html]
[templates.envytheme.com/orgo/default/assets/img/main-slider/main-slider-1.png]
[templates.envytheme.com/orgo/default/assets/img/main-slider/slider-shape-1.png]
[templates.envytheme.com/orgo/default/assets/img/features.png]
[templates.envytheme.com/orgo/default/assets/img/juice/juice-1.jpg]
[templates.envytheme.com/orgo/default/assets/img/juice/juice-2.jpg]
[templates.envytheme.com/orgo/default/assets/img/juice/juice-3.jpg]
[templates.envytheme.com/orgo/default/assets/img/team/team-1.jpg]
[templates.envytheme.com/orgo/default/assets/img/team/team-2.jpg]
[templates.envytheme.com/orgo/default/assets/img/team/team-3.jpg]
[templates.envytheme.com/orgo/default/assets/img/team/team-4.jpg]
[templates.envytheme.com/orgo/default/index-3.html]
[templates.envytheme.com/orgo/default/assets/img/main-slider/main-slider-2.jpg]
[templates.envytheme.com/orgo/default/assets/img/main-slider/main-slider-shape.png]
[templates.envytheme.com/orgo/default/assets/img/main-slider/main-slider-3.jpg]
[templates.envytheme.com/orgo/default/assets/img/main-slider/slider-shape-2.png]
[templates.envytheme.com/orgo/default/assets/img/special-features/special-features-1.png]
[templates.envytheme.com/orgo/default/assets/img/special-features/special-features-2.png]
[templates.envytheme.com/orgo/default/assets/img/special-features/special-features-3.png]
[templates.envytheme.com/orgo/default/assets/img/features-2.png]
[templates.envytheme.com/orgo/default/index-4.html]
[templates.envytheme.com/orgo/default/assets/img/about.jpg]
[templates.envytheme.com/orgo/default/about.html]
[templates.envytheme.com/orgo/default/assets/img/team/team-5.jpg]
[templates.envytheme.com/orgo/default/assets/img/team/team-6.jpg]
[templates.envytheme.com/orgo/default/team.html]
[templates.envytheme.com/orgo/default/pricing.html]
[templates.envytheme.com/orgo/default/gallery.html]
[templates.envytheme.com/orgo/default/assets/img/gallery-details.jpg]
[templates.envytheme.com/orgo/default/gallery-details.html]
[templates.envytheme.com/orgo/default/faq.html]
[templates.envytheme.com/orgo/default/login.html]
[templates.envytheme.com/orgo/default/register.html]
[templates.envytheme.com/orgo/default/assets/img/404-error.png]
[templates.envytheme.com/orgo/default/error-404.html]
[templates.envytheme.com/orgo/default/terms-of-service.html]
[templates.envytheme.com/orgo/default/privacy-policy.html]
[templates.envytheme.com/orgo/default/services.html]
[templates.envytheme.com/orgo/default/assets/img/services-details.jpg]
[templates.envytheme.com/orgo/default/services-details.html]
[templates.envytheme.com/orgo/default/shop-1.html]
[templates.envytheme.com/orgo/default/shop-2.html]
[templates.envytheme.com/orgo/default/cart.html]
[templates.envytheme.com/orgo/default/checkout.html]
[templates.envytheme.com/orgo/default/shop-details.html]
[templates.envytheme.com/orgo/default/assets/img/blog/blog-4.jpg]
[templates.envytheme.com/orgo/default/assets/img/blog/blog-5.jpg]
[templates.envytheme.com/orgo/default/assets/img/blog/blog-6.jpg]
[templates.envytheme.com/orgo/default/blog-1.html]
[templates.envytheme.com/orgo/default/blog-2.html]
[templates.envytheme.com/orgo/default/assets/img/blog/blog-10.jpg]
[templates.envytheme.com/orgo/default/assets/img/blog/blog-11.jpg]
[templates.envytheme.com/orgo/default/assets/img/blog/blog-12.jpg]
[templates.envytheme.com/orgo/default/blog-3.html]
[templates.envytheme.com/orgo/default/assets/img/blog-details.jpg]
[templates.envytheme.com/orgo/default/blog-details.html]
[templates.envytheme.com/orgo/default/contact.html]
[templates.envytheme.com/orgo/default/assets/fonts/boxiconsd41d.svg]
[templates.envytheme.com/orgo/default/assets/fonts/Flaticon.svg]
[templates.envytheme.com/orgo/default/assets/css/owl.video.play.html]
